SF:lib\models\links.dart
DA:5,2
DA:7,4
DA:8,4
DA:9,4
LF:4
LH:4
end_of_record
SF:lib\models\shorten_url.dart
DA:7,1
DA:9,3
DA:10,3
DA:11,6
LF:4
LH:4
end_of_record
SF:lib\services\shorten_url_service.dart
DA:9,6
DA:13,2
DA:18,4
DA:19,2
DA:20,2
DA:21,4
DA:25,2
DA:26,2
DA:28,2
DA:29,4
DA:30,1
DA:31,2
DA:32,1
DA:33,1
DA:34,2
DA:35,1
DA:36,2
DA:39,2
DA:41,1
LF:19
LH:19
end_of_record
SF:lib\bloc\shorten_url_bloc.dart
DA:9,2
DA:10,4
DA:15,6
DA:17,1
DA:19,3
DA:20,3
LF:6
LH:6
end_of_record
SF:lib\main.dart
DA:4,0
DA:5,0
DA:9,2
DA:11,1
DA:13,1
DA:16,1
LF:6
LH:4
end_of_record
SF:lib\ui\home_page.dart
DA:7,1
DA:9,1
DA:11,1
DA:12,1
DA:13,1
DA:16,1
DA:17,1
DA:18,1
DA:21,1
LF:9
LH:9
end_of_record
SF:lib\ui\widgets\input_url_row.dart
DA:7,2
DA:10,1
DA:12,1
DA:14,1
DA:16,1
DA:19,1
DA:20,1
DA:23,1
DA:25,1
LF:9
LH:9
end_of_record
SF:lib\ui\widgets\list_view_url.dart
DA:7,2
DA:10,1
DA:12,1
DA:13,1
DA:14,1
DA:15,2
DA:16,1
DA:17,1
DA:18,0
DA:20,1
DA:21,1
DA:22,0
DA:23,0
LF:13
LH:10
end_of_record
SF:lib\ui\widgets\button_send_url.dart
DA:5,1
DA:7,1
DA:11,1
DA:13,0
DA:14,0
DA:15,0
DA:19,1
DA:20,4
DA:22,1
DA:23,1
DA:24,1
DA:25,1
LF:12
LH:9
end_of_record
SF:lib\ui\widgets\text_field_url.dart
DA:4,1
DA:5,1
DA:9,1
DA:11,1
DA:12,4
DA:13,1
DA:16,1
LF:7
LH:7
end_of_record
SF:lib\ui\widgets\item_url.dart
DA:5,0
DA:9,0
DA:11,0
DA:12,0
DA:13,0
DA:14,0
DA:15,0
LF:7
LH:0
end_of_record
