SF:lib\models\links.dart
DA:5,3
DA:7,4
DA:8,4
DA:9,4
LF:4
LH:4
end_of_record
SF:lib\bloc\shorten_url_bloc.dart
DA:9,8
DA:10,16
DA:15,24
DA:17,2
DA:19,6
DA:20,3
LF:6
LH:6
end_of_record
SF:lib\models\shorten_url.dart
DA:7,2
DA:9,3
DA:10,3
DA:11,6
LF:4
LH:4
end_of_record
SF:lib\services\shorten_url_service.dart
DA:9,9
DA:13,3
DA:18,6
DA:19,3
DA:20,3
DA:21,6
DA:25,2
DA:26,2
DA:28,2
DA:29,4
DA:30,1
DA:31,2
DA:32,1
DA:33,1
DA:34,2
DA:35,1
DA:36,2
DA:39,2
DA:41,1
LF:19
LH:19
end_of_record
SF:lib\main.dart
DA:4,0
DA:5,0
DA:9,18
DA:11,7
DA:13,7
DA:16,7
LF:6
LH:4
end_of_record
SF:lib\ui\home_page.dart
DA:7,11
DA:9,7
DA:11,7
DA:12,7
DA:14,7
DA:17,7
DA:19,7
DA:20,7
DA:23,7
DA:24,7
LF:10
LH:10
end_of_record
SF:lib\ui\widgets\input_url_row.dart
DA:7,14
DA:10,7
DA:12,7
DA:14,7
DA:16,7
DA:20,7
DA:21,7
DA:24,7
DA:26,7
LF:9
LH:9
end_of_record
SF:lib\ui\widgets\list_view_url.dart
DA:7,14
DA:10,7
DA:12,7
DA:13,7
DA:15,14
DA:16,7
DA:17,7
DA:18,2
DA:20,7
DA:21,7
DA:22,1
DA:23,2
LF:12
LH:12
end_of_record
SF:lib\ui\widgets\button_send_url.dart
DA:5,7
DA:7,7
DA:11,7
DA:13,1
DA:14,3
DA:15,5
DA:19,7
DA:20,28
DA:22,7
DA:24,7
DA:25,7
DA:26,7
LF:12
LH:12
end_of_record
SF:lib\ui\widgets\text_field_url.dart
DA:4,7
DA:5,7
DA:9,7
DA:11,7
DA:12,28
DA:13,7
DA:17,7
LF:7
LH:7
end_of_record
SF:lib\ui\widgets\item_url.dart
DA:5,2
DA:9,1
DA:11,1
DA:13,1
DA:14,3
DA:15,4
DA:16,4
LF:7
LH:7
end_of_record
